1677272305704	geckodriver	INFO	Listening on 127.0.0.1:57924
1677272308747	mozrunner::runner	INFO	Running command: "C:\\Program Files\\Mozilla Firefox\\firefox.exe" "--marionette" "--remote-debugging-port" "57925" "--remote-allow-hosts" "localhost" "-no-remote" "-profile" "C:\\Users\\asroc\\AppData\\Local\\Temp\\rust_mozprofile1jLtqi"
console.warn: services.settings: Ignoring preference override of remote settings server
console.warn: services.settings: Allow by setting MOZ_REMOTE_SETTINGS_DEVTOOLS=1 in the environment
1677272309429	Marionette	INFO	Marionette enabled
Dynamically enable window occlusion 0
1677272309440	Marionette	INFO	Listening on port 57932
Read port: 57932
WebDriver BiDi listening on ws://127.0.0.1:57925
1677272309862	RemoteAgent	WARN	TLS certificate errors will be ignored for this session
console.warn: SearchSettings: "get: No settings file exists, new profile?" (new NotFoundError("Could not open the file at C:\\Users\\asroc\\AppData\\Local\\Temp\\rust_mozprofile1jLtqi\\search.json.mozlz4", (void 0)))
DevTools listening on ws://127.0.0.1:57925/devtools/browser/68a06a78-dd3e-4cc9-8c80-2cf9d6cf6550
console.warn: LoginRecipes: "Falling back to a synchronous message for: https://opensource-demo.orangehrmlive.com."
console.warn: LoginRecipes: "Falling back to a synchronous message for: https://opensource-demo.orangehrmlive.com."
JavaScript error: , line 0: uncaught exception: Object
1677272641909	geckodriver	INFO	Listening on 127.0.0.1:58052
1677272644976	mozrunner::runner	INFO	Running command: "C:\\Program Files\\Mozilla Firefox\\firefox.exe" "--marionette" "--remote-debugging-port" "58053" "--remote-allow-hosts" "localhost" "-no-remote" "-profile" "C:\\Users\\asroc\\AppData\\Local\\Temp\\rust_mozprofilezIzjuR"
console.warn: services.settings: Ignoring preference override of remote settings server
console.warn: services.settings: Allow by setting MOZ_REMOTE_SETTINGS_DEVTOOLS=1 in the environment
1677272645654	Marionette	INFO	Marionette enabled
Dynamically enable window occlusion 0
1677272645664	Marionette	INFO	Listening on port 58060
Read port: 58060
WebDriver BiDi listening on ws://127.0.0.1:58053
1677272646079	RemoteAgent	WARN	TLS certificate errors will be ignored for this session
console.warn: SearchSettings: "get: No settings file exists, new profile?" (new NotFoundError("Could not open the file at C:\\Users\\asroc\\AppData\\Local\\Temp\\rust_mozprofilezIzjuR\\search.json.mozlz4", (void 0)))
DevTools listening on ws://127.0.0.1:58053/devtools/browser/daebc3b0-cd3c-49ab-ae0a-6e0950aa466e
console.warn: LoginRecipes: "Falling back to a synchronous message for: https://opensource-demo.orangehrmlive.com."
console.warn: LoginRecipes: "Falling back to a synchronous message for: https://opensource-demo.orangehrmlive.com."
JavaScript error: , line 0: uncaught exception: Object
JavaScript error: , line 0: NS_ERROR_NOT_AVAILABLE
1677273437366	Marionette	INFO	Stopped listening on port 58060
Dynamically enable window occlusion 1
efox.exe" "--marionette" "--remote-debugging-port" "58130" "--remote-allow-hosts" "localhost" "-no-remote" "-profile" "C:\\Users\\asroc\\AppData\\Local\\Temp\\rust_mozprofilelpFGyc"
console.warn: services.settings: Ignoring preference override of remote settings server
console.warn: services.settings: Allow by setting MOZ_REMOTE_SETTINGS_DEVTOOLS=1 in the environment
1677272892054	Marionette	INFO	Marionette enabled
Dynamically enable window occlusion 0
1677272892064	Marionette	INFO	Listening on port 58137
Read port: 58137
WebDriver BiDi listening on ws://127.0.0.1:58130
1677272892486	RemoteAgent	WARN	TLS certificate errors will be ignored for this session
console.warn: SearchSettings: "get: No settings file exists, new profile?" (new NotFoundError("Could not open the file at C:\\Users\\asroc\\AppData\\Local\\Temp\\rust_mozprofilelpFGyc\\search.json.mozlz4", (void 0)))
DevTools listening on ws://127.0.0.1:58130/devtools/browser/2942280a-e65b-400d-9e82-d2b28dcc36dc
console.warn: LoginRecipes: "Falling back to a synchronous message for: https://opensource-demo.orangehrmlive.com."
console.warn: LoginRecipes: "Falling back to a synchronous message for: https://opensource-demo.orangehrmlive.com."
JavaScript error: , line 0: uncaught exception: Object
1677273436007	Marionette	INFO	Stopped listening on port 58137
Dynamically enable window occlusion 1
[Parent 10900, IPC I/O Parent] WARNING: pipe error: 232: file /builds/worker/checkouts/gecko/ipc/chromium/src/chrome/common/ipc_channel_win.cc:583
no-remote" "-profile" "C:\\Users\\asroc\\AppData\\Local\\Temp\\rust_mozprofileYaBCbH"
console.warn: services.settings: Ignoring preference override of remote settings server
console.warn: services.settings: Allow by setting MOZ_REMOTE_SETTINGS_DEVTOOLS=1 in the environment
1677273061327	Marionette	INFO	Marionette enabled
Dynamically enable window occlusion 0
1677273061337	Marionette	INFO	Listening on port 58221
Read port: 58221
WebDriver BiDi listening on ws://127.0.0.1:58214
1677273062003	RemoteAgent	WARN	TLS certificate errors will be ignored for this session
console.warn: SearchSettings: "get: No settings file exists, new profile?" (new NotFoundError("Could not open the file at C:\\Users\\asroc\\AppData\\Local\\Temp\\rust_mozprofileYaBCbH\\search.json.mozlz4", (void 0)))
DevTools listening on ws://127.0.0.1:58214/devtools/browser/2133c4c9-265c-4b8c-b768-77bcc1904536
console.warn: LoginRecipes: "Falling back to a synchronous message for: https://opensource-demo.orangehrmlive.com."
console.warn: LoginRecipes: "Falling back to a synchronous message for: https://opensource-demo.orangehrmlive.com."
JavaScript error: , line 0: uncaught exception: Object
1677273433614	Marionette	INFO	Stopped listening on port 58221
Dynamically enable window occlusion 1
